{"uid":"5d96a2f6a2d1a6e1","name":"Test logging in","fullName":"com.ministryoftesting.intermediateCertTests.reporting.ui.LoginTest.testStandardUserCanLogin","historyId":"183059966941eb07fdd4df4db5e2b2c1","time":{"start":1730217649194,"stop":1730217662462,"duration":13268},"description":"","status":"broken","statusMessage":"Expected condition failed: waiting for visibility of element located by By.cssSelector: .card-title (tried for 10 second(s) with 500 milliseconds interval)\nBuild info: version: '4.14.1', revision: '03f8ede370'\nSystem info: os.name: 'Mac OS X', os.arch: 'aarch64', os.version: '14.7', java.version: '22.0.2'\nDriver info: org.openqa.selenium.chrome.ChromeDriver\nCapabilities {acceptInsecureCerts: false, browserName: chrome, browserVersion: 130.0.6723.70, chrome: {chromedriverVersion: 130.0.6723.69 (3ec172b971b9..., userDataDir: /var/folders/1w/qzhwv7hj4lg...}, fedcm:accounts: true, goog:chromeOptions: {debuggerAddress: localhost:58027}, networkConnectionEnabled: false, pageLoadStrategy: normal, platformName: mac, proxy: Proxy(), se:cdp: ws://localhost:58027/devtoo..., se:cdpVersion: 130.0.6723.70, setWindowRect: true, strictFileInteractability: false, timeouts: {implicit: 0, pageLoad: 300000, script: 30000}, unhandledPromptBehavior: dismiss and notify, webauthn:extension:credBlob: true, webauthn:extension:largeBlob: true, webauthn:extension:minPinLength: true, webauthn:extension:prf: true, webauthn:virtualAuthenticators: true}\nSession ID: 15a3cea694653f3e0499a44e0b8294de","statusTrace":"org.openqa.selenium.TimeoutException: Expected condition failed: waiting for visibility of element located by By.cssSelector: .card-title (tried for 10 second(s) with 500 milliseconds interval)\nBuild info: version: '4.14.1', revision: '03f8ede370'\nSystem info: os.name: 'Mac OS X', os.arch: 'aarch64', os.version: '14.7', java.version: '22.0.2'\nDriver info: org.openqa.selenium.chrome.ChromeDriver\nCapabilities {acceptInsecureCerts: false, browserName: chrome, browserVersion: 130.0.6723.70, chrome: {chromedriverVersion: 130.0.6723.69 (3ec172b971b9..., userDataDir: /var/folders/1w/qzhwv7hj4lg...}, fedcm:accounts: true, goog:chromeOptions: {debuggerAddress: localhost:58027}, networkConnectionEnabled: false, pageLoadStrategy: normal, platformName: mac, proxy: Proxy(), se:cdp: ws://localhost:58027/devtoo..., se:cdpVersion: 130.0.6723.70, setWindowRect: true, strictFileInteractability: false, timeouts: {implicit: 0, pageLoad: 300000, script: 30000}, unhandledPromptBehavior: dismiss and notify, webauthn:extension:credBlob: true, webauthn:extension:largeBlob: true, webauthn:extension:minPinLength: true, webauthn:extension:prf: true, webauthn:virtualAuthenticators: true}\nSession ID: 15a3cea694653f3e0499a44e0b8294de\n\tat org.openqa.selenium.support.ui.WebDriverWait.timeoutException(WebDriverWait.java:84)\n\tat org.openqa.selenium.support.ui.FluentWait.until(FluentWait.java:230)\n\tat com.ministryoftesting.intermediateCertTests.reporting.ui.ProjectsPage.<init>(ProjectsPage.java:32)\n\tat com.ministryoftesting.intermediateCertTests.reporting.ui.LoginTest.testStandardUserCanLogin(LoginTest.java:58)\n\tat java.base/java.lang.reflect.Method.invoke(Method.java:580)\n\tat java.base/java.util.ArrayList.forEach(ArrayList.java:1597)\n\tat java.base/java.util.ArrayList.forEach(ArrayList.java:1597)\n\tSuppressed: java.nio.file.NoSuchFileException: target/Test logging in.log\n\t\tat java.base/sun.nio.fs.UnixException.translateToIOException(UnixException.java:92)\n\t\tat java.base/sun.nio.fs.UnixException.rethrowAsIOException(UnixException.java:106)\n\t\tat java.base/sun.nio.fs.UnixException.rethrowAsIOException(UnixException.java:111)\n\t\tat java.base/sun.nio.fs.UnixFileSystemProvider.newByteChannel(UnixFileSystemProvider.java:261)\n\t\tat java.base/java.nio.file.Files.newByteChannel(Files.java:379)\n\t\tat java.base/java.nio.file.Files.newByteChannel(Files.java:431)\n\t\tat java.base/java.nio.file.Files.readAllBytes(Files.java:3273)\n\t\tat com.ministryoftesting.intermediateCertTests.reporting.ui.LoginTest.addLogToAllure(LoginTest.java:75)\n\t\t... 3 more\n","flaky":false,"newFailed":false,"newBroken":false,"newPassed":false,"retriesCount":0,"retriesStatusChange":false,"beforeStages":[],"testStage":{"description":"","status":"broken","statusMessage":"Expected condition failed: waiting for visibility of element located by By.cssSelector: .card-title (tried for 10 second(s) with 500 milliseconds interval)\nBuild info: version: '4.14.1', revision: '03f8ede370'\nSystem info: os.name: 'Mac OS X', os.arch: 'aarch64', os.version: '14.7', java.version: '22.0.2'\nDriver info: org.openqa.selenium.chrome.ChromeDriver\nCapabilities {acceptInsecureCerts: false, browserName: chrome, browserVersion: 130.0.6723.70, chrome: {chromedriverVersion: 130.0.6723.69 (3ec172b971b9..., userDataDir: /var/folders/1w/qzhwv7hj4lg...}, fedcm:accounts: true, goog:chromeOptions: {debuggerAddress: localhost:58027}, networkConnectionEnabled: false, pageLoadStrategy: normal, platformName: mac, proxy: Proxy(), se:cdp: ws://localhost:58027/devtoo..., se:cdpVersion: 130.0.6723.70, setWindowRect: true, strictFileInteractability: false, timeouts: {implicit: 0, pageLoad: 300000, script: 30000}, unhandledPromptBehavior: dismiss and notify, webauthn:extension:credBlob: true, webauthn:extension:largeBlob: true, webauthn:extension:minPinLength: true, webauthn:extension:prf: true, webauthn:virtualAuthenticators: true}\nSession ID: 15a3cea694653f3e0499a44e0b8294de","statusTrace":"org.openqa.selenium.TimeoutException: Expected condition failed: waiting for visibility of element located by By.cssSelector: .card-title (tried for 10 second(s) with 500 milliseconds interval)\nBuild info: version: '4.14.1', revision: '03f8ede370'\nSystem info: os.name: 'Mac OS X', os.arch: 'aarch64', os.version: '14.7', java.version: '22.0.2'\nDriver info: org.openqa.selenium.chrome.ChromeDriver\nCapabilities {acceptInsecureCerts: false, browserName: chrome, browserVersion: 130.0.6723.70, chrome: {chromedriverVersion: 130.0.6723.69 (3ec172b971b9..., userDataDir: /var/folders/1w/qzhwv7hj4lg...}, fedcm:accounts: true, goog:chromeOptions: {debuggerAddress: localhost:58027}, networkConnectionEnabled: false, pageLoadStrategy: normal, platformName: mac, proxy: Proxy(), se:cdp: ws://localhost:58027/devtoo..., se:cdpVersion: 130.0.6723.70, setWindowRect: true, strictFileInteractability: false, timeouts: {implicit: 0, pageLoad: 300000, script: 30000}, unhandledPromptBehavior: dismiss and notify, webauthn:extension:credBlob: true, webauthn:extension:largeBlob: true, webauthn:extension:minPinLength: true, webauthn:extension:prf: true, webauthn:virtualAuthenticators: true}\nSession ID: 15a3cea694653f3e0499a44e0b8294de\n\tat org.openqa.selenium.support.ui.WebDriverWait.timeoutException(WebDriverWait.java:84)\n\tat org.openqa.selenium.support.ui.FluentWait.until(FluentWait.java:230)\n\tat com.ministryoftesting.intermediateCertTests.reporting.ui.ProjectsPage.<init>(ProjectsPage.java:32)\n\tat com.ministryoftesting.intermediateCertTests.reporting.ui.LoginTest.testStandardUserCanLogin(LoginTest.java:58)\n\tat java.base/java.lang.reflect.Method.invoke(Method.java:580)\n\tat java.base/java.util.ArrayList.forEach(ArrayList.java:1597)\n\tat java.base/java.util.ArrayList.forEach(ArrayList.java:1597)\n\tSuppressed: java.nio.file.NoSuchFileException: target/Test logging in.log\n\t\tat java.base/sun.nio.fs.UnixException.translateToIOException(UnixException.java:92)\n\t\tat java.base/sun.nio.fs.UnixException.rethrowAsIOException(UnixException.java:106)\n\t\tat java.base/sun.nio.fs.UnixException.rethrowAsIOException(UnixException.java:111)\n\t\tat java.base/sun.nio.fs.UnixFileSystemProvider.newByteChannel(UnixFileSystemProvider.java:261)\n\t\tat java.base/java.nio.file.Files.newByteChannel(Files.java:379)\n\t\tat java.base/java.nio.file.Files.newByteChannel(Files.java:431)\n\t\tat java.base/java.nio.file.Files.readAllBytes(Files.java:3273)\n\t\tat com.ministryoftesting.intermediateCertTests.reporting.ui.LoginTest.addLogToAllure(LoginTest.java:75)\n\t\t... 3 more\n","steps":[],"attachments":[{"uid":"a0167567ff1d4701","name":"Test logging in.png","source":"a0167567ff1d4701.png","type":"image/png","size":43849}],"parameters":[],"stepsCount":0,"hasContent":true,"shouldDisplayMessage":true,"attachmentsCount":1,"attachmentStep":false},"afterStages":[],"labels":[{"name":"junit.platform.uniqueid","value":"[engine:junit-jupiter]/[class:com.ministryoftesting.intermediateCertTests.reporting.ui.LoginTest]/[method:testStandardUserCanLogin()]"},{"name":"host","value":"UK-FV19QX42J9"},{"name":"thread","value":"80777@UK-FV19QX42J9.main(1)"},{"name":"framework","value":"junit-platform"},{"name":"language","value":"java"},{"name":"package","value":"com.ministryoftesting.intermediateCertTests.reporting.ui.LoginTest"},{"name":"testClass","value":"com.ministryoftesting.intermediateCertTests.reporting.ui.LoginTest"},{"name":"testMethod","value":"testStandardUserCanLogin"},{"name":"suite","value":"com.ministryoftesting.intermediateCertTests.reporting.ui.LoginTest"},{"name":"resultFormat","value":"allure2"}],"parameters":[],"links":[],"hidden":true,"retry":true,"extra":{"categories":[],"tags":[]},"source":"5d96a2f6a2d1a6e1.json","parameterValues":[]}